2019-07-05 09:41:18 [main] INFO  e.s.i.properties.IntegrationProperty.<clinit>(43) - Initializing IF configuration
2019-07-05 09:41:18 [main] INFO  e.s.i.properties.IntegrationProperty.<clinit>(43) - Initializing IF configuration
2019-07-05 09:41:20 [main] ERROR e.s.i.a.security.IFUserStoreManager.handleException(572) - Cannot delete user who is not exist
org.apache.axis2.AxisFault: Cannot delete user who is not exist
	at org.apache.axis2.util.Utils.getInboundFaultFromMessageContext(Utils.java:531)
	at org.apache.axis2.description.RobustOutOnlyAxisOperation$RobustOutOnlyOperationClient.handleResponse(RobustOutOnlyAxisOperation.java:91)
	at org.apache.axis2.description.OutInAxisOperationClient.send(OutInAxisOperation.java:421)
	at org.apache.axis2.description.OutInAxisOperationClient.executeImpl(OutInAxisOperation.java:229)
	at org.apache.axis2.client.OperationClient.execute(OperationClient.java:165)
	at org.wso2.carbon.um.ws.api.stub.RemoteUserStoreManagerServiceStub.deleteUser(RemoteUserStoreManagerServiceStub.java:1117)
	at eu.supersede.integration.api.security.IFUserStoreManager.deleteUser(IFUserStoreManager.java:209)
	at eu.supersede.integration.api.security.IFAuthenticationManager.deleteUser(IFAuthenticationManager.java:239)
	at Exception16_Test.throwUserDoesNotExistWhenDeleteUserTest(Exception16_Test.java:20)
	at sun.reflect.NativeMethodAccessorImpl.invoke0(Native Method)
	at sun.reflect.NativeMethodAccessorImpl.invoke(NativeMethodAccessorImpl.java:62)
	at sun.reflect.DelegatingMethodAccessorImpl.invoke(DelegatingMethodAccessorImpl.java:43)
	at java.lang.reflect.Method.invoke(Method.java:498)
	at org.junit.runners.model.FrameworkMethod$1.runReflectiveCall(FrameworkMethod.java:50)
	at org.junit.internal.runners.model.ReflectiveCallable.run(ReflectiveCallable.java:12)
	at org.junit.runners.model.FrameworkMethod.invokeExplosively(FrameworkMethod.java:47)
	at org.junit.internal.runners.statements.InvokeMethod.evaluate(InvokeMethod.java:17)
	at org.junit.internal.runners.statements.ExpectException.evaluate(ExpectException.java:19)
	at org.junit.runners.ParentRunner.runLeaf(ParentRunner.java:325)
	at org.junit.runners.BlockJUnit4ClassRunner.runChild(BlockJUnit4ClassRunner.java:78)
	at org.junit.runners.BlockJUnit4ClassRunner.runChild(BlockJUnit4ClassRunner.java:57)
	at org.junit.runners.ParentRunner$3.run(ParentRunner.java:290)
	at org.junit.runners.ParentRunner$1.schedule(ParentRunner.java:71)
	at org.junit.runners.ParentRunner.runChildren(ParentRunner.java:288)
	at org.junit.runners.ParentRunner.access$000(ParentRunner.java:58)
	at org.junit.runners.ParentRunner$2.evaluate(ParentRunner.java:268)
	at org.junit.runners.ParentRunner.run(ParentRunner.java:363)
	at org.junit.runners.Suite.runChild(Suite.java:128)
	at org.junit.runners.Suite.runChild(Suite.java:27)
	at org.junit.runners.ParentRunner$3.run(ParentRunner.java:290)
	at org.junit.runners.ParentRunner$1.schedule(ParentRunner.java:71)
	at org.junit.runners.ParentRunner.runChildren(ParentRunner.java:288)
	at org.junit.runners.ParentRunner.access$000(ParentRunner.java:58)
	at org.junit.runners.ParentRunner$2.evaluate(ParentRunner.java:268)
	at org.junit.runners.ParentRunner.run(ParentRunner.java:363)
	at org.junit.runner.JUnitCore.run(JUnitCore.java:137)
	at org.junit.runner.JUnitCore.run(JUnitCore.java:115)
	at org.junit.runner.JUnitCore.runMain(JUnitCore.java:77)
	at org.junit.runner.JUnitCore.main(JUnitCore.java:36)
2019-07-05 09:41:20 [main] ERROR e.s.i.a.security.IFUserStoreManager.handleException(572) - Cannot delete user who is not exist
org.apache.axis2.AxisFault: Cannot delete user who is not exist
	at org.apache.axis2.util.Utils.getInboundFaultFromMessageContext(Utils.java:531)
	at org.apache.axis2.description.RobustOutOnlyAxisOperation$RobustOutOnlyOperationClient.handleResponse(RobustOutOnlyAxisOperation.java:91)
	at org.apache.axis2.description.OutInAxisOperationClient.send(OutInAxisOperation.java:421)
	at org.apache.axis2.description.OutInAxisOperationClient.executeImpl(OutInAxisOperation.java:229)
	at org.apache.axis2.client.OperationClient.execute(OperationClient.java:165)
	at org.wso2.carbon.um.ws.api.stub.RemoteUserStoreManagerServiceStub.deleteUser(RemoteUserStoreManagerServiceStub.java:1117)
	at eu.supersede.integration.api.security.IFUserStoreManager.deleteUser(IFUserStoreManager.java:209)
	at eu.supersede.integration.api.security.IFAuthenticationManager.deleteUser(IFAuthenticationManager.java:239)
	at Exception16_Test.throwUserDoesNotExistWhenDeleteUserTest(Exception16_Test.java:20)
	at sun.reflect.NativeMethodAccessorImpl.invoke0(Native Method)
	at sun.reflect.NativeMethodAccessorImpl.invoke(NativeMethodAccessorImpl.java:62)
	at sun.reflect.DelegatingMethodAccessorImpl.invoke(DelegatingMethodAccessorImpl.java:43)
	at java.lang.reflect.Method.invoke(Method.java:498)
	at org.junit.runners.model.FrameworkMethod$1.runReflectiveCall(FrameworkMethod.java:50)
	at org.junit.internal.runners.model.ReflectiveCallable.run(ReflectiveCallable.java:12)
	at org.junit.runners.model.FrameworkMethod.invokeExplosively(FrameworkMethod.java:47)
	at org.junit.internal.runners.statements.InvokeMethod.evaluate(InvokeMethod.java:17)
	at org.junit.internal.runners.statements.ExpectException.evaluate(ExpectException.java:19)
	at org.junit.runners.ParentRunner.runLeaf(ParentRunner.java:325)
	at org.junit.runners.BlockJUnit4ClassRunner.runChild(BlockJUnit4ClassRunner.java:78)
	at org.junit.runners.BlockJUnit4ClassRunner.runChild(BlockJUnit4ClassRunner.java:57)
	at org.junit.runners.ParentRunner$3.run(ParentRunner.java:290)
	at org.junit.runners.ParentRunner$1.schedule(ParentRunner.java:71)
	at org.junit.runners.ParentRunner.runChildren(ParentRunner.java:288)
	at org.junit.runners.ParentRunner.access$000(ParentRunner.java:58)
	at org.junit.runners.ParentRunner$2.evaluate(ParentRunner.java:268)
	at org.junit.runners.ParentRunner.run(ParentRunner.java:363)
	at org.junit.runners.Suite.runChild(Suite.java:128)
	at org.junit.runners.Suite.runChild(Suite.java:27)
	at org.junit.runners.ParentRunner$3.run(ParentRunner.java:290)
	at org.junit.runners.ParentRunner$1.schedule(ParentRunner.java:71)
	at org.junit.runners.ParentRunner.runChildren(ParentRunner.java:288)
	at org.junit.runners.ParentRunner.access$000(ParentRunner.java:58)
	at org.junit.runners.ParentRunner$2.evaluate(ParentRunner.java:268)
	at org.junit.runners.ParentRunner.run(ParentRunner.java:363)
	at org.junit.runner.JUnitCore.run(JUnitCore.java:137)
	at org.junit.runner.JUnitCore.run(JUnitCore.java:115)
	at org.junit.runner.JUnitCore.runMain(JUnitCore.java:77)
	at org.junit.runner.JUnitCore.main(JUnitCore.java:36)
